build/app/intermediates/manifest_merge_blame_file/release/manifest-merger-blame-release-report.txt
1<?xml version="1.0" encoding="utf-8"?>
2<manifest xmlns:android="http://schemas.android.com/apk/res/android"
3    package="com.example.nhlproject"
4    android:versionCode="1"
5    android:versionName="1.0" >
6
7    <uses-sdk
8        android:minSdkVersion="16"
8-->src\main\AndroidManifest.xml
9        android:targetSdkVersion="30" />
9-->src\main\AndroidManifest.xml
10
11    <application
11-->src\main\AndroidManifest.xml:3:4-41:19
12        android:appComponentFactory="androidx.core.app.CoreComponentFactory"
12-->[androidx.core:core:1.1.0] AndroidManifest.xml:24:18-86
13        android:icon="@mipmap/launcher_icon"
13-->src\main\AndroidManifest.xml:5:9-45
14        android:label="NHl 2019 Playoffs" >
14-->src\main\AndroidManifest.xml:4:9-42
15        <activity
15-->src\main\AndroidManifest.xml:6:9-35:20
16            android:name="com.example.nhlproject.MainActivity"
16-->src\main\AndroidManifest.xml:7:13-41
17            android:configChanges="orientation|keyboardHidden|keyboard|screenSize|smallestScreenSize|locale|layoutDirection|fontScale|screenLayout|density|uiMode"
17-->src\main\AndroidManifest.xml:10:13-163
18            android:hardwareAccelerated="true"
18-->src\main\AndroidManifest.xml:11:13-47
19            android:launchMode="singleTop"
19-->src\main\AndroidManifest.xml:8:13-43
20            android:screenOrientation="landscape"
20-->src\main\AndroidManifest.xml:12:13-50
21            android:theme="@style/LaunchTheme"
21-->src\main\AndroidManifest.xml:9:13-47
22            android:windowSoftInputMode="adjustResize" >
22-->src\main\AndroidManifest.xml:13:13-55
23
24            <!--
25                 Specifies an Android theme to apply to this Activity as soon as
26                 the Android process has started. This theme is visible to the user
27                 while the Flutter UI initializes. After that, this theme continues
28                 to determine the Window background behind the Flutter UI.
29            -->
30            <meta-data
30-->src\main\AndroidManifest.xml:18:13-21:17
31                android:name="io.flutter.embedding.android.NormalTheme"
31-->src\main\AndroidManifest.xml:19:15-70
32                android:resource="@style/NormalTheme" />
32-->src\main\AndroidManifest.xml:20:15-52
33            <!--
34                 Displays an Android View that continues showing the launch screen
35                 Drawable until Flutter paints its first frame, then this splash
36                 screen fades out. A splash screen is useful to avoid any visual
37                 gap between the end of Android's launch screen and the painting of
38                 Flutter's first frame.
39            -->
40            <meta-data
40-->src\main\AndroidManifest.xml:27:13-30:17
41                android:name="io.flutter.embedding.android.SplashScreenDrawable"
41-->src\main\AndroidManifest.xml:28:15-79
42                android:resource="@drawable/launch_background" />
42-->src\main\AndroidManifest.xml:29:15-61
43
44            <intent-filter>
44-->src\main\AndroidManifest.xml:31:13-34:29
45                <action android:name="android.intent.action.MAIN" />
45-->src\main\AndroidManifest.xml:32:17-68
45-->src\main\AndroidManifest.xml:32:25-66
46
47                <category android:name="android.intent.category.LAUNCHER" />
47-->src\main\AndroidManifest.xml:33:17-76
47-->src\main\AndroidManifest.xml:33:27-74
48            </intent-filter>
49        </activity>
50        <!--
51             Don't delete the meta-data below.
52             This is used by the Flutter tool to generate GeneratedPluginRegistrant.java
53        -->
54        <meta-data
54-->src\main\AndroidManifest.xml:38:9-40:33
55            android:name="flutterEmbedding"
55-->src\main\AndroidManifest.xml:39:13-44
56            android:value="2" />
56-->src\main\AndroidManifest.xml:40:13-30
57    </application>
58
59</manifest>